<?xml version="1.0" encoding="UTF-8"?>
<!-- Generated by org.testng.reporters.JUnitXMLReporter -->
<testsuite ignored="0" hostname="DESKTOP-6KLV0L6" failures="1" tests="2" name="Test" time="91.611" errors="0" timestamp="2023-09-13T22:35:23 IST">
  <testcase classname="com.framework.testCases.HomePageTestSE" name="homepageTest" time="50.225"/>
  <testcase classname="com.framework.testCases.HomePageTestSM" name="homepageTest" time="32.307">
    <failure type="java.lang.NullPointerException" message="Cannot invoke &amp;quot;java.lang.CharSequence.toString()&amp;quot; because &amp;quot;s&amp;quot; is null">
      <![CDATA[java.lang.NullPointerException: Cannot invoke "java.lang.CharSequence.toString()" because "s" is null
at java.base/java.lang.String.contains(String.java:2854)
at com.framework.pages.HomePageSM.approveRFP(HomePageSM.java:49)
at com.framework.testCases.HomePageTestSM.homepageTest(HomePageTestSM.java:29)
at java.base/java.util.ArrayList.forEach(ArrayList.java:1511)
... Removed 27 stack frames]]>
    </failure>
  </testcase> <!-- homepageTest -->
</testsuite> <!-- Test -->
