<?xml version="1.0" encoding="UTF-8"?>
<!-- Generated by org.testng.reporters.JUnitXMLReporter -->
<testsuite ignored="0" hostname="DESKTOP-6KLV0L6" failures="0" tests="3" name="Test" time="172.351" errors="0" timestamp="2023-09-14T16:52:15 IST">
  <testcase classname="com.framework.testCases.HomePageTestSE" name="homepageTestSE" time="53.001"/>
  <testcase classname="com.framework.testCases.HomePageTestSM" name="homepageTestSM" time="50.971"/>
  <testcase classname="com.framework.testCases.HomePageTestSH" name="homepageTestSH" time="54.932"/>
</testsuite> <!-- Test -->
