<?xml version="1.0" encoding="UTF-8"?>
<testng-results ignored="0" total="3" passed="3" failed="0" skipped="0">
  <reporter-output>
  </reporter-output>
  <suite started-at="2023-09-14T16:49:23 IST" name="Suite" finished-at="2023-09-14T16:52:15 IST" duration-ms="172351">
    <groups>
    </groups>
    <test started-at="2023-09-14T16:49:23 IST" name="Test" finished-at="2023-09-14T16:52:15 IST" duration-ms="172351">
      <class name="com.framework.testCases.HomePageTestSM">
        <test-method is-config="true" signature="beforeMethod()[pri:0, instance:com.framework.testCases.HomePageTestSM@1caa0244]" started-at="2023-09-14T16:50:22 IST" name="beforeMethod" finished-at="2023-09-14T16:50:24 IST" duration-ms="2215" status="PASS">
          <reporter-output>
          </reporter-output>
        </test-method> <!-- beforeMethod -->
        <test-method signature="homepageTestSM()[pri:0, instance:com.framework.testCases.HomePageTestSM@1caa0244]" started-at="2023-09-14T16:50:24 IST" name="homepageTestSM" finished-at="2023-09-14T16:51:15 IST" duration-ms="50971" status="PASS">
          <reporter-output>
          </reporter-output>
        </test-method> <!-- homepageTestSM -->
        <test-method is-config="true" signature="afterMethod()[pri:0, instance:com.framework.testCases.HomePageTestSM@1caa0244]" started-at="2023-09-14T16:51:16 IST" name="afterMethod" finished-at="2023-09-14T16:51:16 IST" duration-ms="0" status="PASS">
          <reporter-output>
          </reporter-output>
        </test-method> <!-- afterMethod -->
      </class> <!-- com.framework.testCases.HomePageTestSM -->
      <class name="com.framework.testCases.HomePageTestSE">
        <test-method is-config="true" signature="beforeMethod()[pri:0, instance:com.framework.testCases.HomePageTestSE@663c9e7a]" started-at="2023-09-14T16:49:23 IST" name="beforeMethod" finished-at="2023-09-14T16:49:28 IST" duration-ms="4996" status="PASS">
          <reporter-output>
          </reporter-output>
        </test-method> <!-- beforeMethod -->
        <test-method signature="homepageTestSE()[pri:0, instance:com.framework.testCases.HomePageTestSE@663c9e7a]" started-at="2023-09-14T16:49:28 IST" name="homepageTestSE" finished-at="2023-09-14T16:50:21 IST" duration-ms="53001" status="PASS">
          <reporter-output>
          </reporter-output>
        </test-method> <!-- homepageTestSE -->
        <test-method is-config="true" signature="afterMethod()[pri:0, instance:com.framework.testCases.HomePageTestSE@663c9e7a]" started-at="2023-09-14T16:50:22 IST" name="afterMethod" finished-at="2023-09-14T16:50:22 IST" duration-ms="0" status="PASS">
          <reporter-output>
          </reporter-output>
        </test-method> <!-- afterMethod -->
      </class> <!-- com.framework.testCases.HomePageTestSE -->
      <class name="com.framework.testCases.HomePageTestSH">
        <test-method is-config="true" signature="beforeMethod()[pri:0, instance:com.framework.testCases.HomePageTestSH@7ce026d3]" started-at="2023-09-14T16:51:16 IST" name="beforeMethod" finished-at="2023-09-14T16:51:19 IST" duration-ms="2486" status="PASS">
          <reporter-output>
          </reporter-output>
        </test-method> <!-- beforeMethod -->
        <test-method signature="homepageTestSH()[pri:0, instance:com.framework.testCases.HomePageTestSH@7ce026d3]" started-at="2023-09-14T16:51:19 IST" name="homepageTestSH" finished-at="2023-09-14T16:52:14 IST" duration-ms="54932" status="PASS">
          <reporter-output>
          </reporter-output>
        </test-method> <!-- homepageTestSH -->
        <test-method is-config="true" signature="afterMethod()[pri:0, instance:com.framework.testCases.HomePageTestSH@7ce026d3]" started-at="2023-09-14T16:52:15 IST" name="afterMethod" finished-at="2023-09-14T16:52:15 IST" duration-ms="0" status="PASS">
          <reporter-output>
          </reporter-output>
        </test-method> <!-- afterMethod -->
      </class> <!-- com.framework.testCases.HomePageTestSH -->
    </test> <!-- Test -->
  </suite> <!-- Suite -->
</testng-results>
